<?xml version="1.0" encoding="UTF-8" ?>
<testsuite errors="0" failures="0" hostname="Lii-ПК" name="emailchecker.emailChackerPositiveTest" tests="10" time="0.135" timestamp="2009-10-15T17:43:46">
  <properties>
    <property name="default.javac.source" value="1.6" />
    <property name="file.encoding.pkg" value="sun.io" />
    <property name="libs.toplink.maven-pom" value="" />
    <property name="javac.source" value="1.5" />
    <property name="netbeans.system_http_proxy" value="DIRECT" />
    <property name="java.home" value="F:\Program Files\Java\jdk1.6.0_16\jre" />
    <property name="test.src.dir" value="test" />
    <property name="libs.jaxws21.src" value="" />
    <property name="javadoc.version" value="false" />
    <property name="libs.CopyLibs.classpath" value="F:\Program Files\NetBeans 6.7.1\java2\ant\extra\org-netbeans-modules-java-j2seproject-copylibstask.jar" />
    <property name="libs.javac-api.src" value="" />
    <property name="java.endorsed.dirs" value="F:\Program Files\Java\jdk1.6.0_16\jre\lib\endorsed" />
    <property name="libs.MySQLDriver.classpath" value="F:\Program Files\NetBeans 6.7.1\ide11\modules\ext\mysql-connector-java-5.1.6-bin.jar" />
    <property name="libs.jaxb.javadoc" value="" />
    <property name="libs.junit.maven-pom" value="" />
    <property name="libs.PostgreSQLDriver.src" value="" />
    <property name="src.dir" value="src" />
    <property name="sun.java2d.noddraw" value="true" />
    <property name="nbplatform.default.harness.dir" value="F:\Program Files\NetBeans 6.7.1/harness" />
    <property name="debug-args-line" value="-Xdebug" />
    <property name="build.sysclasspath" value="ignore" />
    <property name="have.sources" value="true" />
    <property name="includes" value="**" />
    <property name="source.encoding" value="UTF-8" />
    <property name="libs.jaxws21.classpath" value="F:\Program Files\NetBeans 6.7.1\ide11\modules\ext\jaxb\activation.jar;F:\Program Files\NetBeans 6.7.1\ide11\modules\ext\jaxb\api\jaxb-api.jar;F:\Program Files\NetBeans 6.7.1\ide11\modules\ext\jaxb\jaxb-impl.jar;F:\Program Files\NetBeans 6.7.1\ide11\modules\ext\jaxb\jaxb-xjc.jar;F:\Program Files\NetBeans 6.7.1\ide11\modules\ext\jaxb\api\jsr173_api.jar;F:\Program Files\NetBeans 6.7.1\java2\modules\ext\jaxws21\FastInfoset.jar;F:\Program Files\NetBeans 6.7.1\java2\modules\ext\jaxws21\http.jar;F:\Program Files\NetBeans 6.7.1\java2\modules\ext\jaxws21\api\jaxws-api.jar;F:\Program Files\NetBeans 6.7.1\java2\modules\ext\jaxws21\jaxws-rt.jar;F:\Program Files\NetBeans 6.7.1\java2\modules\ext\jaxws21\jaxws-tools.jar;F:\Program Files\NetBeans 6.7.1\java2\modules\ext\jaxws21\api\jsr181-api.jar;F:\Program Files\NetBeans 6.7.1\java2\modules\ext\jaxws21\api\jsr250-api.jar;F:\Program Files\NetBeans 6.7.1\java2\modules\ext\jaxws21\mimepull.jar;F:\Program Files\NetBeans 6.7.1\java2\modules\ext\jaxws21\api\saaj-api.jar;F:\Program Files\NetBeans 6.7.1\java2\modules\ext\jaxws21\saaj-impl.jar;F:\Program Files\NetBeans 6.7.1\java2\modules\ext\jaxws21\sjsxp.jar;F:\Program Files\NetBeans 6.7.1\java2\modules\ext\jaxws21\stax-ex.jar;F:\Program Files\NetBeans 6.7.1\java2\modules\ext\jaxws21\streambuffer.jar" />
    <property name="libs.swing-app-framework.javadoc" value="F:\Program Files\NetBeans 6.7.1\java2\docs\appframework-1.0.3-doc.zip" />
    <property name="sun.os.patch.level" value="" />
    <property name="java.vendor.url" value="http://java.sun.com/" />
    <property name="java.version" value="1.6.0_16" />
    <property name="nb.show.statistics.ui" value="usageStatisticsEnabled" />
    <property name="javac.debug" value="true" />
    <property name="org.openide.major.version" value="IDE/1" />
    <property name="run.classpath" value=":build/classes" />
    <property name="libs.PostgreSQLDriver.maven-pom" value="" />
    <property name="java.vendor.url.bug" value="http://java.sun.com/cgi-bin/bugreport.cgi" />
    <property name="libs.absolutelayout.javadoc" value="" />
    <property name="libs.junit_4.maven-pom" value="" />
    <property name="netbeans.buildnumber" value="200907230233" />
    <property name="manifest.file" value="manifest.mf" />
    <property name="libs.swing-app-framework.maven-pom" value="" />
    <property name="user.name" value="Lii" />
    <property name="manifest.available+main.class+mkdist.available" value="true" />
    <property name="empty.dir" value="F:\Users\Lii\Documents\NetBeansProjects\EmailChecker\build\empty" />
    <property name="sun.io.unicode.encoding" value="UnicodeLittle" />
    <property name="sun.jnu.encoding" value="Cp1251" />
    <property name="java.runtime.name" value="Java(TM) SE Runtime Environment" />
    <property name="jdk.home" value="F:\Program Files\Java\jdk1.6.0_16" />
    <property name="sun.awt.keepWorkingSetOnMinimize" value="true" />
    <property name="org.openide.TopManager" value="org.netbeans.core.NonGui" />
    <property name="netbeans.dirs" value="F:\Program Files\NetBeans 6.7.1\nb6.7;F:\Program Files\NetBeans 6.7.1\ergonomics1;F:\Program Files\NetBeans 6.7.1\ide11;F:\Program Files\NetBeans 6.7.1\java2;F:\Program Files\NetBeans 6.7.1\xml2;F:\Program Files\NetBeans 6.7.1\apisupport1;F:\Program Files\NetBeans 6.7.1\webcommon1;F:\Program Files\NetBeans 6.7.1\websvccommon1;F:\Program Files\NetBeans 6.7.1\enterprise5;F:\Program Files\NetBeans 6.7.1\mobility8;F:\Program Files\NetBeans 6.7.1\profiler3;F:\Program Files\NetBeans 6.7.1\ruby2;F:\Program Files\NetBeans 6.7.1\python1;F:\Program Files\NetBeans 6.7.1\php1;F:\Program Files\NetBeans 6.7.1\visualweb2;F:\Program Files\NetBeans 6.7.1\soa2;F:\Program Files\NetBeans 6.7.1\identity2;F:\Program Files\NetBeans 6.7.1\uml6;F:\Program Files\NetBeans 6.7.1\harness;F:\Program Files\NetBeans 6.7.1\cnd2;F:\Program Files\NetBeans 6.7.1\dlight1;F:\Program Files\NetBeans 6.7.1\groovy1;F:\Program Files\NetBeans 6.7.1\extra;F:\Program Files\NetBeans 6.7.1\javafx2" />
    <property name="java.specification.name" value="Java Platform API Specification" />
    <property name="javadoc.author" value="false" />
    <property name="libs.hibernate-support.javadoc" value="" />
    <property name="user.timezone" value="" />
    <property name="manifest.available" value="true" />
    <property name="libs.spring-framework.maven-pom" value="" />
    <property name="libs.swing-layout.maven-pom" value="" />
    <property name="libs.junit.javadoc" value="F:\Program Files\NetBeans 6.7.1\java2\docs\junit-3.8.2-api.zip" />
    <property name="org.openide.specification.version" value="6.2" />
    <property name="path.separator" value=";" />
    <property name="version-output" value="java version &quot;1.6" />
    <property name="libs.ejb3-persistence.src" value="" />
    <property name="libs.absolutelayout.classpath" value="F:\Program Files\NetBeans 6.7.1\java2\modules\ext\AbsoluteLayout.jar" />
    <property name="libs.jaxb.maven-pom" value="" />
    <property name="netbeans.accept_license_class" value="org.netbeans.license.AcceptLicense" />
    <property name="file.encoding" value="Cp1251" />
    <property name="dist.javadoc.dir" value="dist/javadoc" />
    <property name="libs.hibernate-persistence.javadoc" value="" />
    <property name="libs.ejb3-persistence.classpath" value="F:\Program Files\NetBeans 6.7.1\java2\modules\ext\hibernate\ejb3-persistence.jar" />
    <property name="https.nonProxyHosts" value="localhost|127.0.0.1|Lii-ПК" />
    <property name="libs.junit.src" value="" />
    <property name="ant.file" value="F:\Users\Lii\Documents\NetBeansProjects\EmailChecker\build.xml" />
    <property name="libs.junit_4.src" value="F:\Program Files\NetBeans 6.7.1\java2\docs\junit-4.5-src.jar" />
    <property name="java.io.tmpdir" value="F:\Users\Lii\AppData\Local\Temp\" />
    <property name="build.test.results.dir" value="build/test/results" />
    <property name="user.language" value="ru" />
    <property name="line.separator" value="
" />
    <property name="apple.laf.useScreenMenuBar" value="true" />
    <property name="libs.absolutelayout.src" value="" />
    <property name="javac.compilerargs" value="" />
    <property name="libs.hibernate-support.maven-pom" value="" />
    <property name="jar.compress" value="false" />
    <property name="debug-transport-by-os" value="dt_shmem" />
    <property name="libs.JWSAntTasks.src" value="" />
    <property name="ant.file.EmailChecker-impl" value="F:\Users\Lii\Documents\NetBeansProjects\EmailChecker\nbproject\build-impl.xml" />
    <property name="javac.compilerargs.jaxws" value="" />
    <property name="libs.hibernate-persistence.maven-pom" value="" />
    <property name="java.vm.info" value="mixed mode, sharing" />
    <property name="libs.javac-api.maven-pom" value="" />
    <property name="javadoc.private" value="false" />
    <property name="sun.desktop" value="windows" />
    <property name="java.vm.specification.name" value="Java Virtual Machine Specification" />
    <property name="build.test.classes.dir" value="build/test/classes" />
    <property name="libs.jaxb.src" value="" />
    <property name="jaxws.endorsed.dir" value="F:\Program Files\NetBeans 6.7.1\java2\modules\ext\jaxws21\api:F:\Program Files\NetBeans 6.7.1\ide11\modules\ext\jaxb\api" />
    <property name="libs.MySQLDriver.javadoc" value="" />
    <property name="netbeans.dynamic.classpath" value="F:\Program Files\NetBeans 6.7.1\platform10\core\core.jar;F:\Program Files\NetBeans 6.7.1\platform10\core\org-openide-filesystems.jar;F:\Program Files\NetBeans 6.7.1\platform10\core\locale\core_ja.jar;F:\Program Files\NetBeans 6.7.1\platform10\core\locale\core_pt_BR.jar;F:\Program Files\NetBeans 6.7.1\platform10\core\locale\core_zh_CN.jar;F:\Program Files\NetBeans 6.7.1\platform10\core\locale\org-openide-filesystems_ja.jar;F:\Program Files\NetBeans 6.7.1\platform10\core\locale\org-openide-filesystems_pt_BR.jar;F:\Program Files\NetBeans 6.7.1\platform10\core\locale\org-openide-filesystems_zh_CN.jar;F:\Program Files\NetBeans 6.7.1\nb6.7\core\org-netbeans-upgrader.jar;F:\Program Files\NetBeans 6.7.1\nb6.7\core\locale\core_nb.jar;F:\Program Files\NetBeans 6.7.1\nb6.7\core\locale\core_nb_ja.jar;F:\Program Files\NetBeans 6.7.1\nb6.7\core\locale\core_nb_pt_BR.jar;F:\Program Files\NetBeans 6.7.1\nb6.7\core\locale\core_nb_zh_CN.jar;F:\Program Files\NetBeans 6.7.1\nb6.7\core\locale\org-netbeans-upgrader_ja.jar;F:\Program Files\NetBeans 6.7.1\nb6.7\core\locale\org-netbeans-upgrader_pt_BR.jar;F:\Program Files\NetBeans 6.7.1\nb6.7\core\locale\org-netbeans-upgrader_zh_CN.jar" />
    <property name="manifest.available+main.class" value="true" />
    <property name="libs.beans-binding.javadoc" value="F:\Program Files\NetBeans 6.7.1\java2\docs\beansbinding-1.2.1-doc.zip" />
    <property name="platform.active" value="default_platform" />
    <property name="http.nonProxyHosts" value="localhost|127.0.0.1|Lii-ПК" />
    <property name="libs.junit_4.javadoc" value="F:\Program Files\NetBeans 6.7.1\java2\docs\junit-4.5-api.zip" />
    <property name="libs.spring-framework.src" value="" />
    <property name="libs.beans-binding.maven-pom" value="" />
    <property name="javadoc.encoding" value="UTF-8" />
    <property name="java.awt.printerjob" value="sun.awt.windows.WPrinterJob" />
    <property name="dist.jar" value="dist/EmailChecker.jar" />
    <property name="meta.inf.dir" value="src/META-INF" />
    <property name="ant.version" value="Apache Ant version 1.7.1 compiled on June 27 2008" />
    <property name="netbeans.home" value="F:\Program Files\NetBeans 6.7.1\platform10" />
    <property name="javadoc.nonavbar" value="false" />
    <property name="user.properties.file" value="F:\Users\Lii\.netbeans\6.7\build.properties" />
    <property name="libs.JWSAntTasks.classpath" value="F:\Program Files\NetBeans 6.7.1\java2\ant\extra\org-netbeans-modules-javawebstart-anttasks.jar" />
    <property name="libs.toplink.classpath" value="F:\Program Files\NetBeans 6.7.1\java2\modules\ext\toplink\toplink-essentials.jar;F:\Program Files\NetBeans 6.7.1\java2\modules\ext\toplink\toplink-essentials-agent.jar" />
    <property name="netbeans.importclass" value="org.netbeans.upgrade.AutoUpgrade" />
    <property name="libs.spring-framework.javadoc" value="" />
    <property name="libs.CopyLibs.maven-pom" value="" />
    <property name="useJavaUtilZip" value="true" />
    <property name="build.generated.dir" value="build/generated" />
    <property name="netbeans.home+have.tests" value="true" />
    <property name="org.glassfish.v3.installRoot" value="F:\Program Files\sges-v3-prelude" />
    <property name="os.name" value="Windows 7" />
    <property name="java.specification.vendor" value="Sun Microsystems Inc." />
    <property name="run.test.classpath" value=":build/classes:F:\Program Files\NetBeans 6.7.1\platform10\modules\ext\junit-4.5.jar:build/test/classes" />
    <property name="java.vm.name" value="Java HotSpot(TM) Client VM" />
    <property name="libs.CopyLibs.src" value="" />
    <property name="org.openide.version" value="deprecated" />
    <property name="libs.junit.classpath" value="F:\Program Files\NetBeans 6.7.1\java2\modules\ext\junit-3.8.2.jar" />
    <property name="libs.beans-binding.src" value="" />
    <property name="java.library.path" value="F:\Program Files\Java\jdk1.6.0_16\jre\bin;.;F:\Windows\Sun\Java\bin;F:\Windows\system32;F:\Windows;F:\Program Files\PC Connectivity Solution\;F:\Windows\system32;F:\Windows;F:\Windows\System32\Wbem;F:\Windows\System32\WindowsPowerShell\v1.0\;F:\Program Files\TortoiseSVN\bin;F:\Program Files\Common Files\Nero\Lib\" />
    <property name="libs.PostgreSQLDriver.javadoc" value="" />
    <property name="libs.toplink.javadoc" value="F:\Program Files\NetBeans 6.7.1\enterprise5\docs\javaee5-doc-api.zip" />
    <property name="ant.java.version" value="1.6" />
    <property name="basedir" value="F:\Users\Lii\Documents\NetBeansProjects\EmailChecker" />
    <property name="javadoc.noindex" value="false" />
    <property name="java.class.version" value="50.0" />
    <property name="sun.awt.exception.handler" value="org.netbeans.core.startup.TopLogging$AWTHandler" />
    <property name="javac.test.classpath" value=":build/classes:F:\Program Files\NetBeans 6.7.1\platform10\modules\ext\junit-4.5.jar" />
    <property name="ant.home" value="F:\Program Files\NetBeans 6.7.1\java2\ant" />
    <property name="libs.hibernate-persistence.src" value="" />
    <property name="javadoc.splitindex" value="true" />
    <property name="libs.toplink.src" value="" />
    <property name="libs.javac-api.javadoc" value="" />
    <property name="javadoc.preview" value="true" />
    <property name="libs.MySQLDriver.maven-pom" value="" />
    <property name="libs.CopyLibs.javadoc" value="" />
    <property name="libs.PostgreSQLDriver.classpath" value="F:\Program Files\NetBeans 6.7.1\ide11\modules\ext\postgresql-8.3-603.jdbc3.jar" />
    <property name="libs.junit_4.classpath" value="F:\Program Files\NetBeans 6.7.1\platform10\modules\ext\junit-4.5.jar" />
    <property name="libs.jaxws21.maven-pom" value="" />
    <property name="build.dir" value="build" />
    <property name="sun.boot.library.path" value="F:\Program Files\Java\jdk1.6.0_16\jre\bin" />
    <property name="libs.swing-app-framework.classpath" value="F:\Program Files\NetBeans 6.7.1\java2\modules\ext\appframework-1.0.3.jar;F:\Program Files\NetBeans 6.7.1\java2\modules\ext\swing-worker-1.1.jar" />
    <property name="sun.management.compiler" value="HotSpot Client Compiler" />
    <property name="ant.file.EmailChecker" value="F:\Users\Lii\Documents\NetBeansProjects\EmailChecker\build.xml" />
    <property name="libs.ejb3-persistence.javadoc" value="" />
    <property name="user.variant" value="" />
    <property name="java.awt.graphicsenv" value="sun.awt.Win32GraphicsEnvironment" />
    <property name="javadoc.encoding.used" value="UTF-8" />
    <property name="javadoc.windowtitle" value="" />
    <property name="libs.hibernate-support.src" value="" />
    <property name="run.jvmargs" value="" />
    <property name="build.generated.sources.dir" value="build/generated-sources" />
    <property name="build.compiler.emacs" value="true" />
    <property name="ant.project.name" value="EmailChecker" />
    <property name="libs.spring-framework.classpath" value="F:\Program Files\NetBeans 6.7.1\ide11\modules\ext\commons-logging-1.1.jar;F:\Program Files\NetBeans 6.7.1\java2\modules\ext\cglib-2.2.jar;F:\Program Files\NetBeans 6.7.1\java2\modules\ext\spring\spring-2.5.jar" />
    <property name="libs.swing-layout.classpath" value="F:\Program Files\NetBeans 6.7.1\platform10\modules\ext\swing-layout-1.0.3.jar" />
    <property name="java.vm.specification.version" value="1.0" />
    <property name="libs.jaxb.classpath" value="F:\Program Files\NetBeans 6.7.1\ide11\modules\ext\jaxb\activation.jar;F:\Program Files\NetBeans 6.7.1\ide11\modules\ext\jaxb\api\jaxb-api.jar;F:\Program Files\NetBeans 6.7.1\ide11\modules\ext\jaxb\jaxb-impl.jar;F:\Program Files\NetBeans 6.7.1\ide11\modules\ext\jaxb\jaxb-xjc.jar;F:\Program Files\NetBeans 6.7.1\ide11\modules\ext\jaxb\api\jsr173_api.jar" />
    <property name="work.dir" value="F:\Users\Lii\Documents\NetBeansProjects\EmailChecker" />
    <property name="awt.toolkit" value="sun.awt.windows.WToolkit" />
    <property name="javadoc.use" value="true" />
    <property name="sun.cpu.isalist" value="" />
    <property name="java.ext.dirs" value="F:\Program Files\Java\jdk1.6.0_16\jre\lib\ext;F:\Windows\Sun\Java\lib\ext" />
    <property name="os.version" value="6.1" />
    <property name="excludes" value="" />
    <property name="user.home" value="F:\Users\Lii" />
    <property name="org.xml.sax.driver" value="com.sun.org.apache.xerces.internal.jaxp.SAXParserImpl$JAXPSAXParser" />
    <property name="java.vm.vendor" value="Sun Microsystems Inc." />
    <property name="org.apache.commons.logging.Log" value="org.apache.commons.logging.impl.NoOpLog" />
    <property name="libs.absolutelayout.maven-pom" value="" />
    <property name="user.dir" value="F:\Users\Lii\Documents\NetBeansProjects\EmailChecker" />
    <property name="org.openide.TopManager.GUI" value="true" />
    <property name="debug-transport" value="dt_shmem" />
    <property name="libs.ejb3-persistence.maven-pom" value="" />
    <property name="application.args" value="" />
    <property name="sun.cpu.endian" value="little" />
    <property name="compile.on.save" value="true" />
    <property name="libs.hibernate-support.classpath" value="F:\Program Files\NetBeans 6.7.1\java2\modules\ext\hibernate\antlr-2.7.6.jar;F:\Program Files\NetBeans 6.7.1\java2\modules\ext\hibernate\asm.jar;F:\Program Files\NetBeans 6.7.1\java2\modules\ext\hibernate\asm-attrs.jar;F:\Program Files\NetBeans 6.7.1\java2\modules\ext\hibernate\cglib-2.1.3.jar;F:\Program Files\NetBeans 6.7.1\java2\modules\ext\hibernate\commons-collections-2.1.1.jar;F:\Program Files\NetBeans 6.7.1\ide11\modules\ext\commons-logging-1.1.jar;F:\Program Files\NetBeans 6.7.1\java2\modules\ext\hibernate\dom4j-1.6.1.jar;F:\Program Files\NetBeans 6.7.1\java2\modules\ext\hibernate\ehcache-1.2.3.jar;F:\Program Files\NetBeans 6.7.1\java2\modules\ext\hibernate\jdbc2_0-stdext.jar;F:\Program Files\NetBeans 6.7.1\java2\modules\ext\hibernate\jta.jar;F:\Program Files\NetBeans 6.7.1\java2\modules\ext\hibernate\hibernate3.jar;F:\Program Files\NetBeans 6.7.1\java2\modules\ext\hibernate\hibernate-tools.jar;F:\Program Files\NetBeans 6.7.1\java2\modules\ext\hibernate\hibernate-annotations.jar;F:\Program Files\NetBeans 6.7.1\java2\modules\ext\hibernate\hibernate-commons-annotations.jar;F:\Program Files\NetBeans 6.7.1\java2\modules\ext\hibernate\hibernate-entitymanager.jar;F:\Program Files\NetBeans 6.7.1\java2\modules\ext\hibernate\javassist.jar" />
    <property name="libs.MySQLDriver.src" value="" />
    <property name="java.vm.version" value="14.2-b01" />
    <property name="libs.hibernate-persistence.classpath" value="F:\Program Files\NetBeans 6.7.1\java2\modules\ext\hibernate\antlr-2.7.6.jar;F:\Program Files\NetBeans 6.7.1\java2\modules\ext\hibernate\asm.jar;F:\Program Files\NetBeans 6.7.1\java2\modules\ext\hibernate\asm-attrs.jar;F:\Program Files\NetBeans 6.7.1\java2\modules\ext\hibernate\cglib-2.1.3.jar;F:\Program Files\NetBeans 6.7.1\java2\modules\ext\hibernate\commons-collections-2.1.1.jar;F:\Program Files\NetBeans 6.7.1\ide11\modules\ext\commons-logging-1.1.jar;F:\Program Files\NetBeans 6.7.1\java2\modules\ext\hibernate\dom4j-1.6.1.jar;F:\Program Files\NetBeans 6.7.1\java2\modules\ext\hibernate\ehcache-1.2.3.jar;F:\Program Files\NetBeans 6.7.1\java2\modules\ext\hibernate\jdbc2_0-stdext.jar;F:\Program Files\NetBeans 6.7.1\java2\modules\ext\hibernate\jta.jar;F:\Program Files\NetBeans 6.7.1\java2\modules\ext\hibernate\hibernate3.jar;F:\Program Files\NetBeans 6.7.1\java2\modules\ext\hibernate\hibernate-tools.jar;F:\Program Files\NetBeans 6.7.1\java2\modules\ext\hibernate\hibernate-annotations.jar;F:\Program Files\NetBeans 6.7.1\java2\modules\ext\hibernate\hibernate-commons-annotations.jar;F:\Program Files\NetBeans 6.7.1\java2\modules\ext\hibernate\hibernate-entitymanager.jar;F:\Program Files\NetBeans 6.7.1\java2\modules\ext\hibernate\javassist.jar;F:\Program Files\NetBeans 6.7.1\java2\modules\ext\hibernate\ejb3-persistence.jar" />
    <property name="java.class.path" value="F:\Users\Lii\Documents\NetBeansProjects\EmailChecker\build\classes;F:\Program Files\NetBeans 6.7.1\platform10\modules\ext\junit-4.5.jar;F:\Users\Lii\Documents\NetBeansProjects\EmailChecker\build\test\classes;F:\Program Files\NetBeans 6.7.1\java2\ant\lib\ant-launcher.jar;F:\Program Files\NetBeans 6.7.1\java2\ant\lib\ant.jar;F:\Program Files\NetBeans 6.7.1\java2\ant\patches\72080.jar" />
    <property name="os.arch" value="x86" />
    <property name="javac.deprecation" value="false" />
    <property name="nbplatform.default.netbeans.dest.dir" value="F:\Program Files\NetBeans 6.7.1" />
    <property name="build.classes.excludes" value="**/*.java,**/*.form" />
    <property name="dist.dir" value="dist" />
    <property name="netbeans.user" value="F:\Users\Lii\.netbeans\6.7" />
    <property name="debug.classpath" value=":build/classes" />
    <property name="sun.java.launcher" value="SUN_STANDARD" />
    <property name="ant.core.lib" value="F:\Program Files\NetBeans 6.7.1\java2\ant\lib\ant.jar" />
    <property name="com.sun.aas.installRoot" value="F:\Sun\AppServer" />
    <property name="java.vm.specification.vendor" value="Sun Microsystems Inc." />
    <property name="do.depend" value="false" />
    <property name="file.separator" value="\" />
    <property name="java.runtime.version" value="1.6.0_16-b01" />
    <property name="sun.boot.class.path" value="F:\Program Files\Java\jdk1.6.0_16\jre\lib\resources.jar;F:\Program Files\Java\jdk1.6.0_16\jre\lib\rt.jar;F:\Program Files\Java\jdk1.6.0_16\jre\lib\sunrsasign.jar;F:\Program Files\Java\jdk1.6.0_16\jre\lib\jsse.jar;F:\Program Files\Java\jdk1.6.0_16\jre\lib\jce.jar;F:\Program Files\Java\jdk1.6.0_16\jre\lib\charsets.jar;F:\Program Files\Java\jdk1.6.0_16\jre\classes" />
    <property name="debug.test.classpath" value=":build/classes:F:\Program Files\NetBeans 6.7.1\platform10\modules\ext\junit-4.5.jar:build/test/classes" />
    <property name="libs.beans-binding.classpath" value="F:\Program Files\NetBeans 6.7.1\java2\modules\ext\beansbinding-1.2.1.jar" />
    <property name="main.class" value="Main" />
    <property name="have.tests" value="true" />
    <property name="libs.JWSAntTasks.maven-pom" value="" />
    <property name="java.util.logging.config.class" value="org.netbeans.core.startup.TopLogging" />
    <property name="libs.javac-api.classpath" value="F:\Program Files\NetBeans 6.7.1\java2\modules\ext\javac-api-nb-7.0-b07.jar" />
    <property name="user.country" value="RU" />
    <property name="javadoc.notree" value="false" />
    <property name="libs.jaxws21.javadoc" value="F:\Program Files\NetBeans 6.7.1\java2\docs\jaxws-2_1-api-doc.zip" />
    <property name="javadoc.additionalparam" value="" />
    <property name="default.javac.target" value="1.6" />
    <property name="javac.classpath" value="" />
    <property name="build.classes.dir" value="build/classes" />
    <property name="libs.swing-layout.javadoc" value="F:\Program Files\NetBeans 6.7.1\platform10\docs\swing-layout-1.0.3-doc.zip" />
    <property name="libs.swing-layout.src" value="F:\Program Files\NetBeans 6.7.1\platform10\docs\swing-layout-1.0.3-src.zip" />
    <property name="java.vendor" value="Sun Microsystems Inc." />
    <property name="javac.target" value="1.5" />
    <property name="libs.swing-app-framework.src" value="" />
    <property name="java.specification.version" value="1.6" />
    <property name="libs.JWSAntTasks.javadoc" value="" />
    <property name="sun.arch.data.model" value="32" />
  </properties>
  <testcase classname="emailchecker.emailChackerPositiveTest" name="testOnStandardMail" time="0.0080" />
  <testcase classname="emailchecker.emailChackerPositiveTest" name="testOnOneSumbleInDomenThirdLevel" time="0.0030" />
  <testcase classname="emailchecker.emailChackerPositiveTest" name="testOnOneSumbleInDomenSecondLevel" time="0.0" />
  <testcase classname="emailchecker.emailChackerPositiveTest" name="testOnPointInDomenThirdLevel" time="0.0" />
  <testcase classname="emailchecker.emailChackerPositiveTest" name="testOnPointInDomenSecondLevel" time="0.0030" />
  <testcase classname="emailchecker.emailChackerPositiveTest" name="testDomenFirstLevelOnFourSumble" time="0.0080" />
  <testcase classname="emailchecker.emailChackerPositiveTest" name="testDomenThirdLevelOnUnderline" time="0.0" />
  <testcase classname="emailchecker.emailChackerPositiveTest" name="testDomenFirstLevelOnFiveSumble" time="0.0" />
  <testcase classname="emailchecker.emailChackerPositiveTest" name="testDomenThirdLevelOnLongName" time="0.0030" />
  <testcase classname="emailchecker.emailChackerPositiveTest" name="testDomenSecondLevelOnUnderlineAndPoint" time="0.0" />
  <system-out><![CDATA[]]></system-out>
  <system-err><![CDATA[]]></system-err>
</testsuite>
